[@sentry/nextjs] Could not find a Next.js instrumentation file. This indicates an incomplete configuration of the Sentry SDK. An instrumentation file is required for the Sentry SDK to be initialized on the server: https://docs.sentry.io/platforms/javascript/guides/nextjs/manual-setup/#create-initialization-config-files (you can suppress this warning by setting SENTRY_SUPPRESS_INSTRUMENTATION_FILE_WARNING=1 as environment variable)
[baseline-browser-mapping] The data in this module is over two months old.  To ensure accurate Baseline data, please update: `npm i baseline-browser-mapping@latest -D`
<w> [webpack.cache.PackFileCacheStrategy] Serializing big strings (185kiB) impacts deserialization performance (consider using Buffer instead and decode when needed)
<w> [webpack.cache.PackFileCacheStrategy] Serializing big strings (108kiB) impacts deserialization performance (consider using Buffer instead and decode when needed)
<w> [webpack.cache.PackFileCacheStrategy] Serializing big strings (139kiB) impacts deserialization performance (consider using Buffer instead and decode when needed)
Browserslist: browsers data (caniuse-lite) is 8 months old. Please run:
  npx update-browserslist-db@latest
  Why you should do it regularly: https://github.com/browserslist/update-db#readme
 ⚠ Compiled with warnings in 2.7min

./node_modules/@supabase/realtime-js/dist/module/lib/websocket-factory.js
A Node.js API is used (process.versions at line: 35) which is not supported in the Edge Runtime.
Learn more: https://nextjs.org/docs/api-reference/edge-runtime

Import trace for requested module:
./node_modules/@supabase/realtime-js/dist/module/lib/websocket-factory.js
./node_modules/@supabase/realtime-js/dist/module/index.js
./node_modules/@supabase/supabase-js/dist/module/index.js
./node_modules/@supabase/ssr/dist/module/createBrowserClient.js
./node_modules/@supabase/ssr/dist/module/index.js

./node_modules/@supabase/supabase-js/dist/module/index.js
A Node.js API is used (process.version at line: 24) which is not supported in the Edge Runtime.
Learn more: https://nextjs.org/docs/api-reference/edge-runtime

Import trace for requested module:
./node_modules/@supabase/supabase-js/dist/module/index.js
./node_modules/@supabase/ssr/dist/module/createBrowserClient.js
./node_modules/@supabase/ssr/dist/module/index.js

⚠️  Node.js 18 and below are deprecated and will no longer be supported in future versions of @supabase/supabase-js. Please upgrade to Node.js 20 or later. For more information, visit: https://github.com/orgs/supabase/discussions/37217
⚠️  Node.js 18 and below are deprecated and will no longer be supported in future versions of @supabase/supabase-js. Please upgrade to Node.js 20 or later. For more information, visit: https://github.com/orgs/supabase/discussions/37217
⚠️  Node.js 18 and below are deprecated and will no longer be supported in future versions of @supabase/supabase-js. Please upgrade to Node.js 20 or later. For more information, visit: https://github.com/orgs/supabase/discussions/37217
